2025-06-06 20:39:41,149 - error - ERROR - Erreur lors de la création de l'ordre limite d'achat: mexc {"code":10007,"msg":"symbol not support api"}
2025-06-06 20:39:41,158 - error - ERROR - Erreur lors de la création de l'ordre limite achat: mexc {"code":10007,"msg":"symbol not support api"}
2025-06-06 20:39:41,158 - error - ERROR - ❌ Échec création ordre limite
2025-06-06 20:41:40,658 - error - ERROR - Erreur lors de la création de l'ordre limite d'achat: mexc {"code":10007,"msg":"symbol not support api"}
2025-06-06 20:41:40,659 - error - ERROR - Erreur lors de la création de l'ordre limite achat: mexc {"code":10007,"msg":"symbol not support api"}
2025-06-06 20:41:40,659 - error - ERROR - ❌ Échec création ordre limite
2025-06-06 20:43:40,627 - error - ERROR - Erreur lors de la création de l'ordre limite d'achat: mexc {"code":10007,"msg":"symbol not support api"}
2025-06-06 20:43:40,629 - error - ERROR - Erreur lors de la création de l'ordre limite achat: mexc {"code":10007,"msg":"symbol not support api"}
2025-06-06 20:43:40,630 - error - ERROR - ❌ Échec création ordre limite
2025-06-06 20:45:40,607 - error - ERROR - Erreur lors de la création de l'ordre limite d'achat: mexc {"code":10007,"msg":"symbol not support api"}
2025-06-06 20:45:40,608 - error - ERROR - Erreur lors de la création de l'ordre limite achat: mexc {"code":10007,"msg":"symbol not support api"}
2025-06-06 20:45:40,608 - error - ERROR - ❌ Échec création ordre limite
2025-06-06 20:47:40,611 - error - ERROR - Erreur lors de la création de l'ordre limite d'achat: mexc {"code":10007,"msg":"symbol not support api"}
2025-06-06 20:47:40,612 - error - ERROR - Erreur lors de la création de l'ordre limite achat: mexc {"code":10007,"msg":"symbol not support api"}
2025-06-06 20:47:40,612 - error - ERROR - ❌ Échec création ordre limite
2025-06-06 20:49:40,702 - error - ERROR - Erreur lors de la création de l'ordre limite d'achat: mexc {"code":10007,"msg":"symbol not support api"}
2025-06-06 20:49:40,703 - error - ERROR - Erreur lors de la création de l'ordre limite achat: mexc {"code":10007,"msg":"symbol not support api"}
2025-06-06 20:49:40,703 - error - ERROR - ❌ Échec création ordre limite
2025-06-06 21:14:40,552 - error - ERROR - Erreur lors de la création de l'ordre limite d'achat: mexc {"code":10007,"msg":"symbol not support api"}
2025-06-06 21:14:40,553 - error - ERROR - Erreur lors de la création de l'ordre limite achat: mexc {"code":10007,"msg":"symbol not support api"}
2025-06-06 21:14:40,554 - error - ERROR - ❌ Échec création ordre limite
2025-06-06 21:16:40,662 - error - ERROR - Erreur lors de la création de l'ordre limite d'achat: mexc {"code":10007,"msg":"symbol not support api"}
2025-06-06 21:16:40,664 - error - ERROR - Erreur lors de la création de l'ordre limite achat: mexc {"code":10007,"msg":"symbol not support api"}
2025-06-06 21:16:40,664 - error - ERROR - ❌ Échec création ordre limite
2025-06-06 21:27:39,615 - error - ERROR - Timeout de la requête API pour BTC/USDT
2025-06-06 22:00:40,737 - error - ERROR - Erreur lors de la création de l'ordre limite d'achat: mexc {"code":10007,"msg":"symbol not support api"}
2025-06-06 22:00:40,738 - error - ERROR - Erreur lors de la création de l'ordre limite achat: mexc {"code":10007,"msg":"symbol not support api"}
2025-06-06 22:00:40,738 - error - ERROR - ❌ Échec création ordre limite
2025-06-06 22:02:40,678 - error - ERROR - Erreur lors de la création de l'ordre limite d'achat: mexc {"code":10007,"msg":"symbol not support api"}
2025-06-06 22:02:40,680 - error - ERROR - Erreur lors de la création de l'ordre limite achat: mexc {"code":10007,"msg":"symbol not support api"}
2025-06-06 22:02:40,681 - error - ERROR - ❌ Échec création ordre limite
2025-06-06 22:04:40,549 - error - ERROR - Erreur lors de la création de l'ordre limite d'achat: mexc {"code":10007,"msg":"symbol not support api"}
2025-06-06 22:04:40,550 - error - ERROR - Erreur lors de la création de l'ordre limite achat: mexc {"code":10007,"msg":"symbol not support api"}
2025-06-06 22:04:40,550 - error - ERROR - ❌ Échec création ordre limite
2025-06-06 22:09:40,615 - error - ERROR - Erreur lors de la création de l'ordre limite d'achat: mexc {"code":10007,"msg":"symbol not support api"}
2025-06-06 22:09:40,617 - error - ERROR - Erreur lors de la création de l'ordre limite achat: mexc {"code":10007,"msg":"symbol not support api"}
2025-06-06 22:09:40,617 - error - ERROR - ❌ Échec création ordre limite
2025-06-06 22:11:40,662 - error - ERROR - Erreur lors de la création de l'ordre limite d'achat: mexc {"code":10007,"msg":"symbol not support api"}
2025-06-06 22:11:40,665 - error - ERROR - Erreur lors de la création de l'ordre limite achat: mexc {"code":10007,"msg":"symbol not support api"}
2025-06-06 22:11:40,665 - error - ERROR - ❌ Échec création ordre limite
2025-06-06 22:13:40,543 - error - ERROR - Erreur lors de la création de l'ordre limite d'achat: mexc {"code":10007,"msg":"symbol not support api"}
2025-06-06 22:13:40,545 - error - ERROR - Erreur lors de la création de l'ordre limite achat: mexc {"code":10007,"msg":"symbol not support api"}
2025-06-06 22:13:40,545 - error - ERROR - ❌ Échec création ordre limite
2025-06-06 22:15:40,578 - error - ERROR - Erreur lors de la création de l'ordre limite d'achat: mexc {"code":10007,"msg":"symbol not support api"}
2025-06-06 22:15:40,580 - error - ERROR - Erreur lors de la création de l'ordre limite achat: mexc {"code":10007,"msg":"symbol not support api"}
2025-06-06 22:15:40,580 - error - ERROR - ❌ Échec création ordre limite
2025-06-06 22:17:40,541 - error - ERROR - Erreur lors de la création de l'ordre limite d'achat: mexc {"code":10007,"msg":"symbol not support api"}
2025-06-06 22:17:40,544 - error - ERROR - Erreur lors de la création de l'ordre limite achat: mexc {"code":10007,"msg":"symbol not support api"}
2025-06-06 22:17:40,545 - error - ERROR - ❌ Échec création ordre limite
2025-06-06 22:19:40,620 - error - ERROR - Erreur lors de la création de l'ordre limite d'achat: mexc {"code":10007,"msg":"symbol not support api"}
2025-06-06 22:19:40,621 - error - ERROR - Erreur lors de la création de l'ordre limite achat: mexc {"code":10007,"msg":"symbol not support api"}
2025-06-06 22:19:40,622 - error - ERROR - ❌ Échec création ordre limite
2025-06-06 22:21:40,664 - error - ERROR - Erreur lors de la création de l'ordre limite d'achat: mexc {"code":10007,"msg":"symbol not support api"}
2025-06-06 22:21:40,666 - error - ERROR - Erreur lors de la création de l'ordre limite achat: mexc {"code":10007,"msg":"symbol not support api"}
2025-06-06 22:21:40,666 - error - ERROR - ❌ Échec création ordre limite
2025-06-06 22:23:40,614 - error - ERROR - Erreur lors de la création de l'ordre limite d'achat: mexc {"code":10007,"msg":"symbol not support api"}
2025-06-06 22:23:40,616 - error - ERROR - Erreur lors de la création de l'ordre limite achat: mexc {"code":10007,"msg":"symbol not support api"}
2025-06-06 22:23:40,616 - error - ERROR - ❌ Échec création ordre limite
2025-06-06 22:25:40,698 - error - ERROR - Erreur lors de la création de l'ordre limite d'achat: mexc {"code":10007,"msg":"symbol not support api"}
2025-06-06 22:25:40,699 - error - ERROR - Erreur lors de la création de l'ordre limite achat: mexc {"code":10007,"msg":"symbol not support api"}
2025-06-06 22:25:40,700 - error - ERROR - ❌ Échec création ordre limite
2025-06-06 22:27:40,652 - error - ERROR - Erreur lors de la création de l'ordre limite d'achat: mexc {"code":10007,"msg":"symbol not support api"}
2025-06-06 22:27:40,653 - error - ERROR - Erreur lors de la création de l'ordre limite achat: mexc {"code":10007,"msg":"symbol not support api"}
2025-06-06 22:27:40,654 - error - ERROR - ❌ Échec création ordre limite
2025-06-06 22:29:41,236 - error - ERROR - Erreur lors de la création de l'ordre limite d'achat: mexc {"code":10007,"msg":"symbol not support api"}
2025-06-06 22:29:41,237 - error - ERROR - Erreur lors de la création de l'ordre limite achat: mexc {"code":10007,"msg":"symbol not support api"}
2025-06-06 22:29:41,238 - error - ERROR - ❌ Échec création ordre limite
2025-06-06 22:31:40,737 - error - ERROR - Erreur lors de la création de l'ordre limite d'achat: mexc {"code":10007,"msg":"symbol not support api"}
2025-06-06 22:31:40,739 - error - ERROR - Erreur lors de la création de l'ordre limite achat: mexc {"code":10007,"msg":"symbol not support api"}
2025-06-06 22:31:40,739 - error - ERROR - ❌ Échec création ordre limite
2025-06-06 22:33:41,088 - error - ERROR - Erreur lors de la création de l'ordre limite d'achat: mexc {"code":10007,"msg":"symbol not support api"}
2025-06-06 22:33:41,090 - error - ERROR - Erreur lors de la création de l'ordre limite achat: mexc {"code":10007,"msg":"symbol not support api"}
2025-06-06 22:33:41,090 - error - ERROR - ❌ Échec création ordre limite
2025-06-06 22:35:40,662 - error - ERROR - Erreur lors de la création de l'ordre limite d'achat: mexc {"code":10007,"msg":"symbol not support api"}
2025-06-06 22:35:40,664 - error - ERROR - Erreur lors de la création de l'ordre limite achat: mexc {"code":10007,"msg":"symbol not support api"}
2025-06-06 22:35:40,664 - error - ERROR - ❌ Échec création ordre limite
2025-06-06 23:07:40,633 - error - ERROR - Erreur lors de la création de l'ordre limite d'achat: mexc {"code":10007,"msg":"symbol not support api"}
2025-06-06 23:07:40,634 - error - ERROR - Erreur lors de la création de l'ordre limite achat: mexc {"code":10007,"msg":"symbol not support api"}
2025-06-06 23:07:40,634 - error - ERROR - ❌ Échec création ordre limite
2025-06-06 23:31:40,708 - error - ERROR - Erreur lors de la création de l'ordre limite d'achat: mexc {"code":10007,"msg":"symbol not support api"}
2025-06-06 23:31:40,710 - error - ERROR - Erreur lors de la création de l'ordre limite achat: mexc {"code":10007,"msg":"symbol not support api"}
2025-06-06 23:31:40,710 - error - ERROR - ❌ Échec création ordre limite
2025-06-07 15:11:30,304 - error - ERROR - Erreur lors de la création de l'ordre limite d'achat: mexc {"code":10007,"msg":"symbol not support api"}
2025-06-07 15:11:30,305 - error - ERROR - Erreur lors de la création de l'ordre limite achat: mexc {"code":10007,"msg":"symbol not support api"}
2025-06-07 15:11:30,305 - error - ERROR - ❌ Échec création ordre limite
2025-06-07 19:02:44,793 - error - ERROR - ❌ Balance insuffisante (0.00528885 USDC, requis 105.418585)
2025-06-07 19:04:44,775 - error - ERROR - ❌ Balance insuffisante (0.00528885 USDC, requis 105.43134500000001)
2025-06-07 19:06:44,672 - error - ERROR - ❌ Balance insuffisante (0.00528885 USDC, requis 105.43134500000001)
2025-06-07 19:08:44,703 - error - ERROR - ❌ Balance insuffisante (0.00528885 USDC, requis 105.46308499999999)
2025-06-07 19:10:44,700 - error - ERROR - ❌ Balance insuffisante (0.00528885 USDC, requis 105.479995)
2025-06-07 19:12:45,598 - error - ERROR - Erreur lors de la création de l'ordre limite d'achat: mexc {"code":10007,"msg":"symbol not support api"}
2025-06-07 19:12:45,600 - error - ERROR - Erreur lors de la création de l'ordre limite achat: mexc {"code":10007,"msg":"symbol not support api"}
2025-06-07 19:12:45,601 - error - ERROR - ❌ Échec création ordre limite
2025-06-07 19:14:45,650 - error - ERROR - Erreur lors de la création de l'ordre limite d'achat: mexc {"code":10007,"msg":"symbol not support api"}
2025-06-07 19:14:45,652 - error - ERROR - Erreur lors de la création de l'ordre limite achat: mexc {"code":10007,"msg":"symbol not support api"}
2025-06-07 19:14:45,652 - error - ERROR - ❌ Échec création ordre limite
2025-06-07 19:16:45,546 - error - ERROR - Erreur lors de la création de l'ordre limite d'achat: mexc {"code":10007,"msg":"symbol not support api"}
2025-06-07 19:16:45,547 - error - ERROR - Erreur lors de la création de l'ordre limite achat: mexc {"code":10007,"msg":"symbol not support api"}
2025-06-07 19:16:45,547 - error - ERROR - ❌ Échec création ordre limite
2025-06-07 19:18:45,871 - error - ERROR - Erreur lors de la création de l'ordre limite d'achat: mexc {"code":10007,"msg":"symbol not support api"}
2025-06-07 19:18:45,874 - error - ERROR - Erreur lors de la création de l'ordre limite achat: mexc {"code":10007,"msg":"symbol not support api"}
2025-06-07 19:18:45,874 - error - ERROR - ❌ Échec création ordre limite
2025-06-07 19:40:10,855 - error - ERROR - Erreur lors du traitement de l'ordre rempli C02__560089641265557504063: 'PositionManager' object has no attribute '_process_successful_buy_order'
2025-06-07 19:43:12,089 - error - ERROR - Erreur d'analyse pour BTC/USDC: 'TaapiClient' object has no attribute 'get_obv'
2025-06-07 19:44:12,376 - error - ERROR - Erreur d'analyse pour BTC/USDC: 'TaapiClient' object has no attribute 'get_obv'
2025-06-07 20:01:20,443 - error - ERROR - ❌ Balance insuffisante (102.67507885 USDC, requis 105.52304000000001)
2025-06-07 20:06:20,124 - error - ERROR - Timeout de la requête API pour BTC/USDC
2025-06-07 20:12:20,679 - error - ERROR - Timeout de la requête Williams %R pour BTC/USDT
2025-06-07 20:48:29,956 - error - ERROR - Erreur lors du traitement de l'ordre rempli C02__560106834309042176063: 'PositionManager' object has no attribute '_process_successful_buy_order'
2025-06-07 23:17:12,843 - error - ERROR - ❌ Balance insuffisante (102.77701885 USDC, requis 105.86125)
2025-06-07 23:51:12,882 - error - ERROR - ❌ Balance insuffisante (102.77701885 USDC, requis 105.85299499999999)
2025-06-07 23:55:13,011 - error - ERROR - ❌ Balance insuffisante (102.77701885 USDC, requis 105.85425000000001)
2025-06-08 00:02:13,378 - error - ERROR - ❌ Balance insuffisante (102.77701885 USDC, requis 105.84808000000001)
2025-06-08 00:18:13,994 - error - ERROR - Erreur lors du traitement de l'ordre rempli C02__560159606945533955063: 'PositionManager' object has no attribute '_process_successful_buy_order'
2025-06-08 01:47:12,584 - error - ERROR - Erreur API taapi.io Williams %R (429): {"error":"You have exceeded your request limit (TAAPI.IO rate-limit)!"}
2025-06-08 01:48:11,871 - error - ERROR - Erreur API taapi.io (403): {"errors":["Free plans only permits use of symbols [BTC/USDT,ETH/USDT,XRP/USDT,LTC/USDT,XMR/USDT] from Binance"]}
2025-06-08 01:48:12,551 - error - ERROR - Erreur API taapi.io OBV (429): {"error":"You have exceeded your request limit (TAAPI.IO rate-limit)!"}
2025-06-08 01:49:12,292 - error - ERROR - Erreur API taapi.io (429): {"error":"You have exceeded your request limit (TAAPI.IO rate-limit)!"}
2025-06-08 01:49:12,294 - error - ERROR - Données insuffisantes pour BTC/USDC: prix=105666.43, RSI=None
2025-06-08 01:50:11,882 - error - ERROR - Erreur API taapi.io (403): {"errors":["Free plans only permits use of symbols [BTC/USDT,ETH/USDT,XRP/USDT,LTC/USDT,XMR/USDT] from Binance"]}
2025-06-08 01:50:12,304 - error - ERROR - Erreur API taapi.io (429): {"error":"You have exceeded your request limit (TAAPI.IO rate-limit)!"}
2025-06-08 01:50:12,305 - error - ERROR - Données insuffisantes pour BTC/USDC: prix=105680.45, RSI=None
2025-06-08 01:51:11,873 - error - ERROR - Erreur API taapi.io (403): {"errors":["Free plans only permits use of symbols [BTC/USDT,ETH/USDT,XRP/USDT,LTC/USDT,XMR/USDT] from Binance"]}
2025-06-08 03:16:52,049 - error - ERROR - Erreur API taapi.io (403): {"errors":["Free plans only permits use of symbols [BTC/USDT,ETH/USDT,XRP/USDT,LTC/USDT,XMR/USDT] from Binance"]}
2025-06-08 03:16:52,489 - error - ERROR - Erreur API taapi.io (429): {"error":"You have exceeded your request limit (TAAPI.IO rate-limit)!"}
2025-06-08 03:16:52,490 - error - ERROR - Données insuffisantes pour BTC/USDC: prix=105576.58499999999, RSI=None
2025-06-08 03:24:58,743 - error - ERROR - Erreur API taapi.io (403): {"errors":["Free plans only permits use of symbols [BTC/USDT,ETH/USDT,XRP/USDT,LTC/USDT,XMR/USDT] from Binance"]}
2025-06-08 03:24:59,614 - error - ERROR - Erreur API taapi.io (429): {"error":"You have exceeded your request limit (TAAPI.IO rate-limit)!"}
2025-06-08 03:24:59,615 - error - ERROR - Données insuffisantes pour BTC/USDC: prix=105638.19, RSI=None
2025-06-08 04:06:15,833 - error - ERROR - Timeout de la requête Williams %R pour BTC/USDT
2025-06-08 04:09:15,918 - error - ERROR - Timeout de la requête Williams %R pour BTC/USDT
2025-06-08 04:09:16,724 - error - ERROR - Timeout de la requête OBV pour BTC/USDT
2025-06-08 04:17:15,216 - error - ERROR - ❌ Balance insuffisante (102.76178885 USDC, requis 105.60511500000001)
2025-06-08 04:23:15,260 - error - ERROR - ❌ Balance insuffisante (102.76178885 USDC, requis 105.56533499999999)
2025-06-08 04:32:15,468 - error - ERROR - ❌ Balance insuffisante (102.76178885 USDC, requis 105.58538500000002)
2025-06-08 04:40:14,918 - error - ERROR - Timeout de la requête API pour BTC/USDC
2025-06-08 04:40:15,890 - error - ERROR - Timeout de la requête Williams %R pour BTC/USDT
2025-06-08 04:42:14,916 - error - ERROR - Timeout de la requête API pour BTC/USDC
2025-06-08 04:44:14,918 - error - ERROR - Timeout de la requête API pour BTC/USDC
2025-06-08 04:48:16,502 - error - ERROR - Timeout de la requête Williams %R pour BTC/USDT
2025-06-08 06:08:15,688 - error - ERROR - ❌ Balance insuffisante (102.76178885 USDC, requis 105.55504500000002)
2025-06-08 06:41:14,916 - error - ERROR - Timeout de la requête API pour BTC/USDC
2025-06-08 06:41:15,377 - error - ERROR - Timeout de la requête API pour BTC/USDC
2025-06-08 06:41:15,378 - error - ERROR - Données insuffisantes pour BTC/USDC: prix=105704.325, RSI=None
2025-06-08 06:43:14,917 - error - ERROR - Timeout de la requête API pour BTC/USDC
2025-06-08 06:46:15,407 - error - ERROR - Timeout de la requête API pour BTC/USDC
2025-06-08 06:46:15,410 - error - ERROR - Données insuffisantes pour BTC/USDC: prix=105665.02, RSI=None
2025-06-08 07:17:15,332 - error - ERROR - ❌ Balance insuffisante (102.76178885 USDC, requis 105.615085)
2025-06-08 07:22:15,267 - error - ERROR - ❌ Balance insuffisante (102.76178885 USDC, requis 105.621485)
2025-06-08 08:03:15,328 - error - ERROR - ❌ Balance insuffisante (102.76178885 USDC, requis 105.53911000000001)
2025-06-08 08:08:15,111 - error - ERROR - ❌ Balance insuffisante (102.76178885 USDC, requis 105.56858)
2025-06-08 08:51:14,916 - error - ERROR - Timeout de la requête API pour BTC/USDC
2025-06-08 08:54:15,301 - error - ERROR - Timeout de la requête API pour BTC/USDC
2025-06-08 08:54:15,302 - error - ERROR - Données insuffisantes pour BTC/USDC: prix=105542.925, RSI=None
2025-06-08 08:56:15,634 - error - ERROR - Timeout de la requête Williams %R pour BTC/USDT
2025-06-08 09:03:15,116 - error - ERROR - ❌ Balance insuffisante (102.76178885 USDC, requis 105.542715)
2025-06-08 09:14:15,339 - error - ERROR - ❌ Balance insuffisante (102.76178885 USDC, requis 105.567685)
2025-06-08 09:28:15,347 - error - ERROR - ❌ Balance insuffisante (102.76178885 USDC, requis 105.51843)
2025-06-08 09:37:15,072 - error - ERROR - ❌ Balance insuffisante (102.76178885 USDC, requis 105.518175)
2025-06-08 10:01:15,092 - error - ERROR - ❌ Balance insuffisante (102.76178885 USDC, requis 105.51905000000001)
2025-06-08 10:19:15,159 - error - ERROR - ❌ Balance insuffisante (102.76178885 USDC, requis 105.517085)
2025-06-08 10:22:15,113 - error - ERROR - ❌ Balance insuffisante (102.76178885 USDC, requis 105.52125000000001)
2025-06-08 10:34:15,195 - error - ERROR - ❌ Balance insuffisante (102.76178885 USDC, requis 105.51502)
2025-06-08 10:49:14,916 - error - ERROR - Timeout de la requête API pour BTC/USDC
2025-06-08 10:49:15,389 - error - ERROR - Timeout de la requête API pour BTC/USDC
2025-06-08 10:49:15,390 - error - ERROR - Données insuffisantes pour BTC/USDC: prix=105519.985, RSI=None
2025-06-08 10:51:14,921 - error - ERROR - Timeout de la requête API pour BTC/USDC
2025-06-08 10:56:15,584 - error - ERROR - Timeout de la requête Williams %R pour BTC/USDT
2025-06-08 11:41:15,149 - error - ERROR - ❌ Balance insuffisante (102.76178885 USDC, requis 105.278975)
2025-06-08 11:47:15,105 - error - ERROR - ❌ Balance insuffisante (102.76178885 USDC, requis 105.24367)
2025-06-08 11:52:15,155 - error - ERROR - ❌ Balance insuffisante (102.76178885 USDC, requis 105.24117499999998)
2025-06-08 12:17:15,134 - error - ERROR - ❌ Balance insuffisante (102.76178885 USDC, requis 105.14385500000002)
2025-06-08 12:56:15,305 - error - ERROR - Timeout de la requête API pour BTC/USDC
2025-06-08 12:56:15,307 - error - ERROR - Données insuffisantes pour BTC/USDC: prix=105439.755, RSI=None
2025-06-08 14:09:54,622 - error - ERROR - Timeout de la requête API pour BTC/USDC
2025-06-08 14:12:55,002 - error - ERROR - Timeout de la requête API pour BTC/USDC
2025-06-08 14:12:55,004 - error - ERROR - Données insuffisantes pour BTC/USDC: prix=105727.29999999999, RSI=None
2025-06-08 14:17:55,664 - error - ERROR - Timeout de la requête Williams %R pour BTC/USDT
2025-06-08 15:26:56,038 - error - ERROR - Erreur lors du traitement de l'ordre rempli C02__560388288993742852063: 'PositionManager' object has no attribute '_process_successful_buy_order'
2025-06-08 16:13:54,620 - error - ERROR - Timeout de la requête API pour BTC/USDC
2025-06-08 18:08:54,623 - error - ERROR - Timeout de la requête API pour BTC/USDC
2025-06-08 18:19:55,194 - error - ERROR - Timeout de la requête Williams %R pour BTC/USDT
2025-06-08 18:19:56,000 - error - ERROR - Timeout de la requête OBV pour BTC/USDT
2025-06-08 19:19:54,627 - error - ERROR - Timeout de la requête API pour BTC/USDC
2025-06-08 19:26:55,770 - error - ERROR - Timeout de la requête OBV pour BTC/USDT
2025-06-08 19:34:40,902 - error - ERROR - Timeout de la requête API pour BTC/USDC
2025-06-08 19:37:41,376 - error - ERROR - Timeout de la requête API pour BTC/USDC
2025-06-08 19:37:41,378 - error - ERROR - Données insuffisantes pour BTC/USDC: prix=106351.91, RSI=None
2025-06-08 20:07:41,195 - error - ERROR - ❌ Balance insuffisante (102.75493905 USDC, requis 106.19852499999999)
2025-06-08 21:30:41,428 - error - ERROR - Timeout de la requête API pour BTC/USDC
2025-06-08 21:30:41,430 - error - ERROR - Données insuffisantes pour BTC/USDC: prix=106358.67, RSI=None
2025-06-08 22:31:41,302 - error - ERROR - Timeout de la requête API pour BTC/USDC
2025-06-08 22:31:41,303 - error - ERROR - Données insuffisantes pour BTC/USDC: prix=106354.42, RSI=None
2025-06-08 23:04:41,178 - error - ERROR - ❌ Balance insuffisante (102.75493905 USDC, requis 106.274525)
2025-06-09 00:16:41,094 - error - ERROR - ❌ Balance insuffisante (102.75493905 USDC, requis 106.089525)
2025-06-09 02:09:47,716 - error - ERROR - Erreur lors du traitement de l'ordre rempli C02__560550070718750720063: 'PositionManager' object has no attribute '_process_successful_buy_order'
2025-06-09 03:53:45,411 - error - ERROR - Timeout de la requête API pour BTC/USDC
2025-06-09 03:53:45,820 - error - ERROR - Timeout de la requête API pour BTC/USDC
2025-06-09 03:53:45,821 - error - ERROR - Données insuffisantes pour BTC/USDC: prix=105612.66, RSI=None
2025-06-09 03:58:45,437 - error - ERROR - Timeout de la requête API pour BTC/USDC
2025-06-09 04:05:45,945 - error - ERROR - Timeout de la requête Williams %R pour BTC/USDT
2025-06-09 04:05:46,751 - error - ERROR - Timeout de la requête OBV pour BTC/USDT
2025-06-09 05:28:45,410 - error - ERROR - Timeout de la requête API pour BTC/USDC
2025-06-09 05:36:46,757 - error - ERROR - Timeout de la requête Williams %R pour BTC/USDT
2025-06-09 07:30:45,410 - error - ERROR - Timeout de la requête API pour BTC/USDC
2025-06-09 07:30:45,810 - error - ERROR - Timeout de la requête API pour BTC/USDC
2025-06-09 07:30:45,811 - error - ERROR - Données insuffisantes pour BTC/USDC: prix=105469.945, RSI=None
2025-06-09 07:32:45,410 - error - ERROR - Timeout de la requête API pour BTC/USDC
2025-06-09 07:35:45,409 - error - ERROR - Timeout de la requête API pour BTC/USDC
2025-06-09 07:35:45,928 - error - ERROR - Timeout de la requête API pour BTC/USDC
2025-06-09 07:35:45,928 - error - ERROR - Données insuffisantes pour BTC/USDC: prix=105408.105, RSI=None
2025-06-09 07:37:45,411 - error - ERROR - Timeout de la requête API pour BTC/USDC
2025-06-09 07:40:45,857 - error - ERROR - Timeout de la requête API pour BTC/USDC
2025-06-09 07:40:45,859 - error - ERROR - Données insuffisantes pour BTC/USDC: prix=105425.04999999999, RSI=None
2025-06-09 07:42:46,387 - error - ERROR - Timeout de la requête Williams %R pour BTC/USDT
2025-06-09 07:42:47,192 - error - ERROR - Timeout de la requête OBV pour BTC/USDT
2025-06-09 09:34:45,411 - error - ERROR - Timeout de la requête API pour BTC/USDC
2025-06-09 09:35:45,412 - error - ERROR - Timeout de la requête API pour BTC/USDC
2025-06-09 09:35:45,941 - error - ERROR - Timeout de la requête API pour BTC/USDC
2025-06-09 09:35:45,942 - error - ERROR - Données insuffisantes pour BTC/USDC: prix=105630.01000000001, RSI=None
2025-06-09 09:36:45,410 - error - ERROR - Timeout de la requête API pour BTC/USDC
2025-06-09 09:38:45,410 - error - ERROR - Timeout de la requête API pour BTC/USDC
2025-06-09 09:39:45,411 - error - ERROR - Timeout de la requête API pour BTC/USDC
2025-06-09 09:39:45,785 - error - ERROR - Timeout de la requête API pour BTC/USDC
2025-06-09 09:39:45,786 - error - ERROR - Données insuffisantes pour BTC/USDC: prix=105652.125, RSI=None
2025-06-09 12:57:40,761 - error - ERROR - Timeout de la requête API pour BTC/USDC
2025-06-09 13:01:35,363 - error - ERROR - Erreur API taapi.io (429): {"error":"You have exceeded your request limit (TAAPI.IO rate-limit)!"}
2025-06-09 13:01:35,707 - error - ERROR - Erreur API taapi.io (429): {"error":"You have exceeded your request limit (TAAPI.IO rate-limit)!"}
2025-06-09 13:01:35,708 - error - ERROR - Données insuffisantes pour BTC/USDC: prix=107262.23999999999, RSI=None
2025-06-09 13:01:36,350 - error - ERROR - Erreur API taapi.io (429): {"error":"You have exceeded your request limit (TAAPI.IO rate-limit)!"}
2025-06-09 13:01:36,799 - error - ERROR - Erreur API taapi.io (429): {"error":"You have exceeded your request limit (TAAPI.IO rate-limit)!"}
2025-06-09 13:01:36,800 - error - ERROR - Données insuffisantes pour BTC/USDC: prix=107262.23999999999, RSI=None
2025-06-09 13:01:37,348 - error - ERROR - Erreur API taapi.io (429): {"error":"You have exceeded your request limit (TAAPI.IO rate-limit)!"}
2025-06-09 13:01:37,652 - error - ERROR - Erreur API taapi.io (429): {"error":"You have exceeded your request limit (TAAPI.IO rate-limit)!"}
2025-06-09 13:01:37,653 - error - ERROR - Données insuffisantes pour BTC/USDC: prix=107262.23999999999, RSI=None
2025-06-09 13:01:38,351 - error - ERROR - Erreur API taapi.io (429): {"error":"You have exceeded your request limit (TAAPI.IO rate-limit)!"}
2025-06-09 13:01:38,786 - error - ERROR - Erreur API taapi.io (429): {"error":"You have exceeded your request limit (TAAPI.IO rate-limit)!"}
2025-06-09 13:01:38,786 - error - ERROR - Données insuffisantes pour BTC/USDC: prix=107248.745, RSI=None
2025-06-09 13:01:39,360 - error - ERROR - Erreur API taapi.io (429): {"error":"You have exceeded your request limit (TAAPI.IO rate-limit)!"}
2025-06-09 13:01:39,717 - error - ERROR - Erreur API taapi.io (429): {"error":"You have exceeded your request limit (TAAPI.IO rate-limit)!"}
2025-06-09 13:01:39,718 - error - ERROR - Données insuffisantes pour BTC/USDC: prix=107248.745, RSI=None
2025-06-09 13:01:40,382 - error - ERROR - Erreur API taapi.io (429): {"error":"You have exceeded your request limit (TAAPI.IO rate-limit)!"}
2025-06-09 13:01:40,793 - error - ERROR - Erreur API taapi.io (429): {"error":"You have exceeded your request limit (TAAPI.IO rate-limit)!"}
2025-06-09 13:01:40,793 - error - ERROR - Données insuffisantes pour BTC/USDC: prix=107260.095, RSI=None
2025-06-09 13:01:41,357 - error - ERROR - Erreur API taapi.io (429): {"error":"You have exceeded your request limit (TAAPI.IO rate-limit)!"}
2025-06-09 13:01:41,752 - error - ERROR - Erreur API taapi.io (429): {"error":"You have exceeded your request limit (TAAPI.IO rate-limit)!"}
2025-06-09 13:01:41,753 - error - ERROR - Données insuffisantes pour BTC/USDC: prix=107260.095, RSI=None
2025-06-09 13:01:42,357 - error - ERROR - Erreur API taapi.io (429): {"error":"You have exceeded your request limit (TAAPI.IO rate-limit)!"}
2025-06-09 13:01:42,775 - error - ERROR - Erreur API taapi.io (429): {"error":"You have exceeded your request limit (TAAPI.IO rate-limit)!"}
2025-06-09 13:01:42,775 - error - ERROR - Données insuffisantes pour BTC/USDC: prix=107256.77, RSI=None
2025-06-09 13:01:43,349 - error - ERROR - Erreur API taapi.io (429): {"error":"You have exceeded your request limit (TAAPI.IO rate-limit)!"}
2025-06-09 13:01:43,759 - error - ERROR - Erreur API taapi.io (429): {"error":"You have exceeded your request limit (TAAPI.IO rate-limit)!"}
2025-06-09 13:01:43,759 - error - ERROR - Données insuffisantes pour BTC/USDC: prix=107256.77, RSI=None
2025-06-09 13:07:42,010 - error - ERROR - Timeout de la requête API pour BTC/USDC
2025-06-09 13:07:57,011 - error - ERROR - Timeout de la requête API pour BTC/USDC
2025-06-09 13:07:57,406 - error - ERROR - Timeout de la requête API pour BTC/USDC
2025-06-09 13:07:57,406 - error - ERROR - Données insuffisantes pour BTC/USDC: prix=107316.025, RSI=None
2025-06-09 13:09:42,363 - error - ERROR - Timeout de la requête API pour BTC/USDC
2025-06-09 13:09:42,366 - error - ERROR - Données insuffisantes pour BTC/USDC: prix=107383.905, RSI=None
2025-06-09 13:49:47,105 - error - ERROR - Timeout de la requête API pour BTC/USDC
2025-06-09 13:50:02,106 - error - ERROR - Timeout de la requête API pour BTC/USDC
2025-06-09 13:50:02,527 - error - ERROR - Timeout de la requête API pour BTC/USDC
2025-06-09 13:50:02,528 - error - ERROR - Données insuffisantes pour BTC/USDC: prix=107644.55, RSI=None
2025-06-09 13:54:02,528 - error - ERROR - Timeout de la requête API pour BTC/USDC
2025-06-09 13:54:02,962 - error - ERROR - Timeout de la requête API pour BTC/USDC
2025-06-09 13:54:02,963 - error - ERROR - Données insuffisantes pour BTC/USDC: prix=107639.85, RSI=None
2025-06-09 13:54:17,912 - error - ERROR - Timeout de la requête API pour BTC/USDC
2025-06-09 13:54:17,914 - error - ERROR - Données insuffisantes pour BTC/USDC: prix=107652.215, RSI=None
2025-06-09 13:55:22,984 - error - ERROR - Erreur lors du traitement de l'ordre rempli C02__560727637585223680063: 'NoneType' object has no attribute 'get'
2025-06-09 13:55:35,752 - error - ERROR - ❌ Pas de stop loss adaptatif configuré pour BTC/USDC
2025-06-09 13:55:50,749 - error - ERROR - ❌ Pas de stop loss adaptatif configuré pour BTC/USDC
2025-06-09 13:56:05,755 - error - ERROR - ❌ Pas de stop loss adaptatif configuré pour BTC/USDC
2025-06-09 14:16:06,102 - error - ERROR - Timeout de la requête API pour BTC/USDC
2025-06-09 14:16:06,511 - error - ERROR - Timeout de la requête API pour BTC/USDC
2025-06-09 14:16:06,511 - error - ERROR - Données insuffisantes pour BTC/USDC: prix=107624.995, RSI=None
2025-06-09 14:17:17,602 - error - ERROR - Erreur lors du traitement de l'ordre rempli C02__560733150888755200063: 'NoneType' object has no attribute 'get'
2025-06-09 14:17:20,391 - error - ERROR - ❌ Pas de stop loss adaptatif configuré pour BTC/USDC
2025-06-09 14:17:35,409 - error - ERROR - ❌ Pas de stop loss adaptatif configuré pour BTC/USDC
2025-06-09 14:17:50,381 - error - ERROR - ❌ Pas de stop loss adaptatif configuré pour BTC/USDC
2025-06-09 14:18:05,385 - error - ERROR - ❌ Pas de stop loss adaptatif configuré pour BTC/USDC
2025-06-09 14:18:20,384 - error - ERROR - ❌ Pas de stop loss adaptatif configuré pour BTC/USDC
2025-06-09 14:18:35,392 - error - ERROR - ❌ Pas de stop loss adaptatif configuré pour BTC/USDC
2025-06-09 14:18:50,390 - error - ERROR - ❌ Pas de stop loss adaptatif configuré pour BTC/USDC
2025-06-09 14:19:05,395 - error - ERROR - ❌ Pas de stop loss adaptatif configuré pour BTC/USDC
2025-06-09 14:19:20,389 - error - ERROR - ❌ Pas de stop loss adaptatif configuré pour BTC/USDC
2025-06-09 14:19:35,390 - error - ERROR - ❌ Pas de stop loss adaptatif configuré pour BTC/USDC
2025-06-09 14:19:50,387 - error - ERROR - ❌ Pas de stop loss adaptatif configuré pour BTC/USDC
2025-06-09 14:20:05,389 - error - ERROR - ❌ Pas de stop loss adaptatif configuré pour BTC/USDC
2025-06-09 14:20:20,401 - error - ERROR - ❌ Pas de stop loss adaptatif configuré pour BTC/USDC
2025-06-09 14:20:35,392 - error - ERROR - ❌ Pas de stop loss adaptatif configuré pour BTC/USDC
2025-06-09 14:48:30,511 - error - ERROR - ❌ Balance insuffisante (102.08412185 USDC, requis 107.86169000000001)
2025-06-09 14:50:15,574 - error - ERROR - ❌ Balance insuffisante (102.08412185 USDC, requis 107.833475)
2025-06-09 14:50:50,698 - error - ERROR - ❌ Balance insuffisante (102.08412185 USDC, requis 107.81150500000001)
2025-06-09 14:52:55,871 - error - ERROR - ❌ Balance insuffisante (102.08412185 USDC, requis 107.826515)
2025-06-09 14:53:25,394 - error - ERROR - Timeout de la requête API pour BTC/USDC
2025-06-09 19:23:34,529 - error - ERROR - ❌ Balance insuffisante (102.08412185 USDC, requis 108.35562)
2025-06-09 19:25:27,786 - error - ERROR - Erreur lors du traitement de l'ordre rempli C02__560810705192919042063: TrailingStopLoss.__init__() got an unexpected keyword argument 'levels'
2025-06-09 19:34:08,216 - error - ERROR - Timeout de la requête OBV pour BTC/USDT
2025-06-09 19:39:02,842 - error - ERROR - Timeout de la requête API pour BTC/USDC
2025-06-09 19:39:17,841 - error - ERROR - Timeout de la requête API pour BTC/USDC
2025-06-09 19:41:48,231 - error - ERROR - Timeout de la requête API pour BTC/USDC
2025-06-09 19:41:48,232 - error - ERROR - Données insuffisantes pour BTC/USDC: prix=108331.10500000001, RSI=None
2025-06-09 19:42:03,265 - error - ERROR - Timeout de la requête API pour BTC/USDC
2025-06-09 19:42:03,267 - error - ERROR - Données insuffisantes pour BTC/USDC: prix=108339.54, RSI=None
2025-06-09 19:42:48,324 - error - ERROR - Timeout de la requête API pour BTC/USDC
2025-06-09 19:42:48,325 - error - ERROR - Données insuffisantes pour BTC/USDC: prix=108344.09, RSI=None
2025-06-09 19:45:03,450 - error - ERROR - Timeout de la requête Williams %R pour BTC/USDT
2025-06-09 20:52:05,826 - error - ERROR - Erreur lors du traitement de l'ordre rempli C02__560832507306725376063: TrailingStopLoss.__init__() got an unexpected keyword argument 'levels'
2025-06-10 02:00:37,174 - error - ERROR - Timeout de la requête API pour BTC/USDC
2025-06-10 03:52:37,102 - error - ERROR - Timeout de la requête API pour BTC/USDC
2025-06-10 09:44:37,102 - error - ERROR - Timeout de la requête API pour BTC/USDC
2025-06-10 11:41:37,159 - error - ERROR - Timeout de la requête API pour BTC/USDC
2025-06-10 11:43:37,118 - error - ERROR - Timeout de la requête API pour BTC/USDC
2025-06-10 11:45:37,103 - error - ERROR - Timeout de la requête API pour BTC/USDC
2025-06-10 11:46:37,098 - error - ERROR - Timeout de la requête API pour BTC/USDC
2025-06-10 11:46:37,515 - error - ERROR - Timeout de la requête API pour BTC/USDC
2025-06-10 11:46:37,516 - error - ERROR - Données insuffisantes pour BTC/USDC: prix=109427.62, RSI=None
2025-06-10 12:16:56,446 - error - ERROR - Timeout de la requête API pour BTC/USDC
2025-06-10 12:21:26,808 - error - ERROR - Timeout de la requête API pour BTC/USDC
2025-06-10 12:21:26,810 - error - ERROR - Données insuffisantes pour BTC/USDC: prix=109459.05, RSI=None
2025-06-10 13:10:56,552 - error - ERROR - ❌ Balance insuffisante (101.9555702 USDC, requis 109.426935)
2025-06-10 13:22:04,281 - error - ERROR - Timeout de la requête API pour BTC/USDC
2025-06-10 13:22:04,282 - error - ERROR - Données insuffisantes pour BTC/USDC: prix=109695.29000000001, RSI=None
2025-06-10 13:22:34,352 - error - ERROR - Timeout de la requête Williams %R pour BTC/USDT
2025-06-10 13:53:38,794 - error - ERROR - Timeout de la requête API pour BTC/USDC
2025-06-10 13:53:39,207 - error - ERROR - Timeout de la requête API pour BTC/USDC
2025-06-10 13:53:39,208 - error - ERROR - Données insuffisantes pour BTC/USDC: prix=109614.315, RSI=None
2025-06-10 13:55:08,801 - error - ERROR - Timeout de la requête API pour BTC/USDC
2025-06-10 13:56:23,792 - error - ERROR - Timeout de la requête API pour BTC/USDC
2025-06-10 14:27:31,886 - error - ERROR - Erreur lors de la récupération du ticker via CCXT pour BTC/USDC: mexc GET https://api.mexc.com/api/v3/ticker/24hr?symbol=BTCUSDC
2025-06-10 14:27:31,890 - error - ERROR - Erreur pour BTC/USDC: mexc GET https://api.mexc.com/api/v3/ticker/24hr?symbol=BTCUSDC
2025-06-10 14:27:31,894 - error - ERROR - ❌ Prix actuel invalide ou non disponible pour BTC/USDC
2025-06-10 14:48:55,385 - error - ERROR - Erreur lors du chargement des marchés via CCXT: mexc GET https://api.mexc.com/api/v3/capital/config/getall?timestamp=1749559725297&recvWindow=60000&signature=8aae4c1da8bed20ee3b7a1c0990f4b3c12389e30c0b5ebb5e185c5bc94650b13
2025-06-10 14:48:55,386 - error - ERROR - Erreur lors de l'initialisation de l'exchange: mexc GET https://api.mexc.com/api/v3/capital/config/getall?timestamp=1749559725297&recvWindow=60000&signature=8aae4c1da8bed20ee3b7a1c0990f4b3c12389e30c0b5ebb5e185c5bc94650b13
2025-06-10 14:48:55,387 - error - ERROR - Erreur critique lors du démarrage: mexc GET https://api.mexc.com/api/v3/capital/config/getall?timestamp=1749559725297&recvWindow=60000&signature=8aae4c1da8bed20ee3b7a1c0990f4b3c12389e30c0b5ebb5e185c5bc94650b13
2025-06-10 14:50:17,630 - error - ERROR - ❌ Balance insuffisante (101.891242 USDC, requis 109.65879000000001)
2025-06-10 14:51:11,296 - error - ERROR - ❌ Balance insuffisante (101.891242 USDC, requis 109.67709500000001)
2025-06-10 15:18:59,592 - error - ERROR - Timeout de la requête API pour BTC/USDC
2025-06-10 15:19:00,723 - error - ERROR - Timeout de la requête Williams %R pour BTC/USDT
2025-06-10 15:20:45,010 - error - ERROR - Timeout de la requête API pour BTC/USDC
2025-06-10 15:20:45,012 - error - ERROR - Données insuffisantes pour BTC/USDC: prix=109852.195, RSI=None
2025-06-10 15:21:15,009 - error - ERROR - Timeout de la requête API pour BTC/USDC
2025-06-10 15:21:15,010 - error - ERROR - Données insuffisantes pour BTC/USDC: prix=109855.055, RSI=None
2025-06-10 15:21:30,062 - error - ERROR - Timeout de la requête API pour BTC/USDC
2025-06-10 15:21:30,063 - error - ERROR - Données insuffisantes pour BTC/USDC: prix=109844.675, RSI=None
2025-06-10 15:22:29,965 - error - ERROR - Timeout de la requête API pour BTC/USDC
2025-06-10 15:22:29,968 - error - ERROR - Données insuffisantes pour BTC/USDC: prix=109852.51999999999, RSI=None
2025-06-10 15:36:09,528 - error - ERROR - Timeout de la requête API pour BTC/USDC
2025-06-10 15:36:09,529 - error - ERROR - Données insuffisantes pour BTC/USDC: prix=109398.465, RSI=None
2025-06-10 15:36:39,525 - error - ERROR - Timeout de la requête API pour BTC/USDC
2025-06-10 15:36:39,526 - error - ERROR - Données insuffisantes pour BTC/USDC: prix=109376.86, RSI=None
2025-06-10 15:36:54,518 - error - ERROR - Timeout de la requête API pour BTC/USDC
2025-06-10 15:36:54,520 - error - ERROR - Données insuffisantes pour BTC/USDC: prix=109350.94, RSI=None
2025-06-10 15:40:24,555 - error - ERROR - Timeout de la requête API pour BTC/USDC
2025-06-10 15:40:24,557 - error - ERROR - Données insuffisantes pour BTC/USDC: prix=109443.04000000001, RSI=None
2025-06-10 15:48:41,700 - error - ERROR - Timeout de la requête API pour BTC/USDC
2025-06-10 16:21:01,870 - error - ERROR - Timeout de la requête API pour BTC/USDC
2025-06-10 16:21:01,873 - error - ERROR - Données insuffisantes pour BTC/USDC: prix=108970.065, RSI=None
